<?xml version="1.0" encoding="UTF-8"?>
<testsuite xmlns:xsi="http://www.w3.org/2001/XMLSchema-instance" xsi:noNamespaceSchemaLocation="https://maven.apache.org/surefire/maven-surefire-plugin/xsd/surefire-test-report.xsd" name="com.tom.springboot.SpringbootApplicationTests" time="10.221" tests="1" errors="1" skipped="0" failures="0">
  <properties>
[...]
</properties>
  <testcase name="contextLoadsTest" classname="com.tom.springboot.SpringbootApplicationTests" time="0.572">
    <error message="nested exception is org.apache.ibatis.executor.result.ResultMapException: Error attempting to get column &apos;type&apos; from result set.  Cause: java.lang.NumberFormatException: For input string: &quot;PROTEIN&quot;" type="org.mybatis.spring.MyBatisSystemException">org.mybatis.spring.MyBatisSystemException: nested exception is org.apache.ibatis.executor.result.ResultMapException: Error attempting to get column 'type' from result set.  Cause: java.lang.NumberFormatException: For input string: "PROTEIN"
	at com.tom.springboot.SpringbootApplicationTests.contextLoadsTest(SpringbootApplicationTests.java:19)
Caused by: org.apache.ibatis.executor.result.ResultMapException: Error attempting to get column 'type' from result set.  Cause: java.lang.NumberFormatException: For input string: "PROTEIN"
	at com.tom.springboot.SpringbootApplicationTests.contextLoadsTest(SpringbootApplicationTests.java:19)
Caused by: java.lang.NumberFormatException: For input string: "PROTEIN"
	at com.tom.springboot.SpringbootApplicationTests.contextLoadsTest(SpringbootApplicationTests.java:19)
</error>
    <system-out><![CDATA[23:00:31.297 [main] DEBUG org.springframework.test.context.BootstrapUtils - Instantiating CacheAwareContextLoaderDelegate from class [org.springframework.test.context.cache.DefaultCacheAwareContextLoaderDelegate]
23:00:31.326 [main] DEBUG org.springframework.test.context.BootstrapUtils - Instantiating BootstrapContext using constructor [public org.springframework.test.context.support.DefaultBootstrapContext(java.lang.Class,org.springframework.test.context.CacheAwareContextLoaderDelegate)]
23:00:31.370 [main] DEBUG org.springframework.test.context.BootstrapUtils - Instantiating TestContextBootstrapper for test class [com.tom.springboot.SpringbootApplicationTests] from class [org.springframework.boot.test.context.SpringBootTestContextBootstrapper]
23:00:31.403 [main] INFO org.springframework.boot.test.context.SpringBootTestContextBootstrapper - Neither @ContextConfiguration nor @ContextHierarchy found for test class [com.tom.springboot.SpringbootApplicationTests], using SpringBootContextLoader
23:00:31.410 [main] DEBUG org.springframework.test.context.support.AbstractContextLoader - Did not detect default resource location for test class [com.tom.springboot.SpringbootApplicationTests]: class path resource [com/tom/springboot/SpringbootApplicationTests-context.xml] does not exist
23:00:31.410 [main] DEBUG org.springframework.test.context.support.AbstractContextLoader - Did not detect default resource location for test class [com.tom.springboot.SpringbootApplicationTests]: class path resource [com/tom/springboot/SpringbootApplicationTestsContext.groovy] does not exist
23:00:31.411 [main] INFO org.springframework.test.context.support.AbstractContextLoader - Could not detect default resource locations for test class [com.tom.springboot.SpringbootApplicationTests]: no resource found for suffixes {-context.xml, Context.groovy}.
23:00:31.412 [main] INFO org.springframework.test.context.support.AnnotationConfigContextLoaderUtils - Could not detect default configuration classes for test class [com.tom.springboot.SpringbootApplicationTests]: SpringbootApplicationTests does not declare any static, non-private, non-final, nested classes annotated with @Configuration.
23:00:31.496 [main] DEBUG org.springframework.test.context.support.ActiveProfilesUtils - Could not find an 'annotation declaring class' for annotation type [org.springframework.test.context.ActiveProfiles] and class [com.tom.springboot.SpringbootApplicationTests]
23:00:31.626 [main] DEBUG org.springframework.context.annotation.ClassPathScanningCandidateComponentProvider - Identified candidate component class: file [D:\new-station\springboot\target\classes\com\tom\springboot\SpringbootApplication.class]
23:00:31.628 [main] INFO org.springframework.boot.test.context.SpringBootTestContextBootstrapper - Found @SpringBootConfiguration com.tom.springboot.SpringbootApplication for test class com.tom.springboot.SpringbootApplicationTests
23:00:31.784 [main] DEBUG org.springframework.boot.test.context.SpringBootTestContextBootstrapper - @TestExecutionListeners is not present for class [com.tom.springboot.SpringbootApplicationTests]: using defaults.
23:00:31.785 [main] INFO org.springframework.boot.test.context.SpringBootTestContextBootstrapper - Loaded default TestExecutionListener class names from location [META-INF/spring.factories]: [org.springframework.boot.test.mock.mockito.MockitoTestExecutionListener, org.springframework.boot.test.mock.mockito.ResetMocksTestExecutionListener, org.springframework.boot.test.autoconfigure.restdocs.RestDocsTestExecutionListener, org.springframework.boot.test.autoconfigure.web.client.MockRestServiceServerResetTestExecutionListener, org.springframework.boot.test.autoconfigure.web.servlet.MockMvcPrintOnlyOnFailureTestExecutionListener, org.springframework.boot.test.autoconfigure.web.servlet.WebDriverTestExecutionListener, org.springframework.boot.test.autoconfigure.webservices.client.MockWebServiceServerTestExecutionListener, org.springframework.test.context.web.ServletTestExecutionListener, org.springframework.test.context.support.DirtiesContextBeforeModesTestExecutionListener, org.springframework.test.context.support.DependencyInjectionTestExecutionListener, org.springframework.test.context.support.DirtiesContextTestExecutionListener, org.springframework.test.context.transaction.TransactionalTestExecutionListener, org.springframework.test.context.jdbc.SqlScriptsTestExecutionListener, org.springframework.test.context.event.EventPublishingTestExecutionListener]
23:00:31.819 [main] INFO org.springframework.boot.test.context.SpringBootTestContextBootstrapper - Using TestExecutionListeners: [org.springframework.test.context.web.ServletTestExecutionListener@70ed52de, org.springframework.test.context.support.DirtiesContextBeforeModesTestExecutionListener@496bc455, org.springframework.boot.test.mock.mockito.MockitoTestExecutionListener@59402b8f, org.springframework.boot.test.autoconfigure.SpringBootDependencyInjectionTestExecutionListener@7188af83, org.springframework.test.context.support.DirtiesContextTestExecutionListener@6be968ce, org.springframework.test.context.transaction.TransactionalTestExecutionListener@7c37508a, org.springframework.test.context.jdbc.SqlScriptsTestExecutionListener@247310d0, org.springframework.test.context.event.EventPublishingTestExecutionListener@1033576a, org.springframework.boot.test.mock.mockito.ResetMocksTestExecutionListener@303cf2ba, org.springframework.boot.test.autoconfigure.restdocs.RestDocsTestExecutionListener@76494737, org.springframework.boot.test.autoconfigure.web.client.MockRestServiceServerResetTestExecutionListener@4a003cbe, org.springframework.boot.test.autoconfigure.web.servlet.MockMvcPrintOnlyOnFailureTestExecutionListener@4082ba93, org.springframework.boot.test.autoconfigure.web.servlet.WebDriverTestExecutionListener@17fc391b, org.springframework.boot.test.autoconfigure.webservices.client.MockWebServiceServerTestExecutionListener@2b30a42c]
23:00:31.828 [main] DEBUG org.springframework.test.context.support.AbstractDirtiesContextTestExecutionListener - Before test class: context [DefaultTestContext@548a24a testClass = SpringbootApplicationTests, testInstance = [null], testMethod = [null], testException = [null], mergedContextConfiguration = [WebMergedContextConfiguration@433defed testClass = SpringbootApplicationTests, locations = '{}', classes = '{class com.tom.springboot.SpringbootApplication}', contextInitializerClasses = '[]', activeProfiles = '{}', propertySourceLocations = '{}', propertySourceProperties = '{org.springframework.boot.test.context.SpringBootTestContextBootstrapper=true}', contextCustomizers = set[org.springframework.boot.test.context.filter.ExcludeFilterContextCustomizer@694abbdc, org.springframework.boot.test.json.DuplicateJsonObjectContextCustomizerFactory$DuplicateJsonObjectContextCustomizer@5ffead27, org.springframework.boot.test.mock.mockito.MockitoContextCustomizer@0, org.springframework.boot.test.web.client.TestRestTemplateContextCustomizer@515aebb0, org.springframework.boot.test.autoconfigure.properties.PropertyMappingContextCustomizer@0, org.springframework.boot.test.autoconfigure.web.servlet.WebDriverContextCustomizerFactory$Customizer@7f3b84b8, org.springframework.boot.test.context.SpringBootTestArgs@1], resourceBasePath = 'src/main/webapp', contextLoader = 'org.springframework.boot.test.context.SpringBootContextLoader', parent = [null]], attributes = map['org.springframework.test.context.web.ServletTestExecutionListener.activateListener' -> true]], class annotated with @DirtiesContext [false] with mode [null].
23:00:31.913 [main] DEBUG org.springframework.test.context.support.TestPropertySourceUtils - Adding inlined properties to environment: {spring.jmx.enabled=false, org.springframework.boot.test.context.SpringBootTestContextBootstrapper=true}

  .   ____          _            __ _ _
 /\\ / ___'_ __ _ _(_)_ __  __ _ \ \ \ \
( ( )\___ | '_ | '_| | '_ \/ _` | \ \ \ \
 \\/  ___)| |_)| | | | | || (_| |  ) ) ) )
  '  |____| .__|_| |_|_| |_\__, | / / / /
 =========|_|==============|___/=/_/_/_/
 :: Spring Boot ::        (v2.3.4.RELEASE)

2020-10-24 23:00:32.537  INFO 9224 --- [           main] c.t.s.SpringbootApplicationTests         : Starting SpringbootApplicationTests on DESKTOP-O7QKDSN with PID 9224 (started by yuxin in D:\new-station\springboot)
2020-10-24 23:00:32.548  INFO 9224 --- [           main] c.t.s.SpringbootApplicationTests         : No active profile set, falling back to default profiles: default
2020-10-24 23:00:33.954  INFO 9224 --- [           main] .s.d.r.c.RepositoryConfigurationDelegate : Multiple Spring Data modules found, entering strict repository configuration mode!
2020-10-24 23:00:33.958  INFO 9224 --- [           main] .s.d.r.c.RepositoryConfigurationDelegate : Bootstrapping Spring Data Redis repositories in DEFAULT mode.
2020-10-24 23:00:34.029  INFO 9224 --- [           main] .s.d.r.c.RepositoryConfigurationDelegate : Finished Spring Data repository scanning in 39ms. Found 0 Redis repository interfaces.
2020-10-24 23:00:34.588  INFO 9224 --- [           main] trationDelegate$BeanPostProcessorChecker : Bean 'org.springframework.ws.config.annotation.DelegatingWsConfiguration' of type [org.springframework.ws.config.annotation.DelegatingWsConfiguration$$EnhancerBySpringCGLIB$$2e00bd40] is not eligible for getting processed by all BeanPostProcessors (for example: not eligible for auto-proxying)
2020-10-24 23:00:34.728  INFO 9224 --- [           main] .w.s.a.s.AnnotationActionEndpointMapping : Supporting [WS-Addressing August 2004, WS-Addressing 1.0]
2020-10-24 23:00:35.364  INFO 9224 --- [           main] com.zaxxer.hikari.HikariDataSource       : HikariPool-1 - Starting...
2020-10-24 23:00:35.673  INFO 9224 --- [           main] com.zaxxer.hikari.HikariDataSource       : HikariPool-1 - Start completed.
2020-10-24 23:00:38.738  INFO 9224 --- [           main] o.s.s.web.DefaultSecurityFilterChain     : Creating filter chain: any request, [org.springframework.security.web.context.request.async.WebAsyncManagerIntegrationFilter@39e53bef, org.springframework.security.web.context.SecurityContextPersistenceFilter@b5ac0c1, org.springframework.security.web.header.HeaderWriterFilter@2a0ea492, org.springframework.security.web.csrf.CsrfFilter@43935e9c, org.springframework.security.web.authentication.logout.LogoutFilter@68ea253b, org.springframework.security.web.authentication.UsernamePasswordAuthenticationFilter@35145874, org.springframework.security.web.savedrequest.RequestCacheAwareFilter@36ad229b, org.springframework.security.web.servletapi.SecurityContextHolderAwareRequestFilter@36f6e521, org.springframework.security.web.authentication.AnonymousAuthenticationFilter@14b275bd, org.springframework.security.web.session.SessionManagementFilter@2e56b4d, org.springframework.security.web.access.ExceptionTranslationFilter@586495f1, org.springframework.security.web.access.intercept.FilterSecurityInterceptor@49580ca8]
2020-10-24 23:00:39.509  INFO 9224 --- [           main] o.s.s.concurrent.ThreadPoolTaskExecutor  : Initializing ExecutorService 'applicationTaskExecutor'
2020-10-24 23:00:40.813  INFO 9224 --- [           main] c.t.s.SpringbootApplicationTests         : Started SpringbootApplicationTests in 8.873 seconds (JVM running for 10.635)
]]></system-out>
  </testcase>
</testsuite>